<?xml version="1.0" encoding="UTF-8"?>
<!-- Generated by org.testng.reporters.JUnitXMLReporter -->
<testsuite hostname="ATMECSINDT-052" ignored="0" name="Default test" tests="3" failures="0" timestamp="14 May 2019 09:50:14 GMT" time="0.06" errors="0">
  <testcase name="testFinalBilling" time="0.012" classname="com.atmecs.bookmyshow.AppTest"/>
  <testcase name="testRevenue" time="0.002" classname="com.atmecs.bookmyshow.AppTest"/>
  <testcase name="testSeatSelection" time="0.002" classname="com.atmecs.bookmyshow.AppTest"/>
</testsuite> <!-- Default test -->
