<?xml version="1.0" encoding="UTF-8"?>
<!-- Generated by org.testng.reporters.JUnitXMLReporter -->
<testsuite hostname="ATMECSINDT-052" ignored="0" name="Default test" tests="8" failures="0" timestamp="17 May 2019 09:21:42 GMT" time="0.266" errors="0">
  <testcase name="testFinalBilling" time="0.011" classname="com.atmecs.bookmyshow.AppTest"/>
  <testcase name="testPaymentbMode" time="0.211" classname="com.atmecs.bookmyshow.AppTest"/>
  <testcase name="testRevenue" time="0.002" classname="com.atmecs.bookmyshow.AppTest"/>
  <testcase name="testSeatAvailability" time="0.002" classname="com.atmecs.bookmyshow.AppTest"/>
  <testcase name="testSeatSelection" time="0.001" classname="com.atmecs.bookmyshow.AppTest"/>
  <testcase name="testSeatStatus" time="0.001" classname="com.atmecs.bookmyshow.AppTest"/>
  <testcase name="testSeatVerification" time="0.001" classname="com.atmecs.bookmyshow.AppTest"/>
  <testcase name="testuserLoginSignUpChoice" time="0.007" classname="com.atmecs.bookmyshow.AppTest"/>
</testsuite> <!-- Default test -->
