<?xml version="1.0" encoding="UTF-8"?>
<!-- Generated by org.testng.reporters.JUnitXMLReporter -->
<testsuite hostname="ATMECSINDT-052" ignored="0" name="Test" tests="2" failures="1" timestamp="17 May 2019 08:04:39 GMT" time="0.037" errors="0">
  <testcase name="testSeatVerification" time="0.011" classname="com.atmecs.bookmyshow.AppTest"/>
  <testcase name="testverifyWronginput" time="0.002" classname="com.atmecs.bookmyshow.AppTest">
    <failure type="java.lang.NullPointerException">
      <![CDATA[java.lang.NullPointerException
at com.atmecs.util.Verification.paymentMode(Verification.java:10)
at com.atmecs.util.Verification.verifyWronginput(Verification.java:53)
at com.atmecs.bookmyshow.AppTest.testverifyWronginput(AppTest.java:102)
... Removed 25 stack frames]]>
    </failure>
  </testcase> <!-- testverifyWronginput -->
</testsuite> <!-- Test -->
