<?xml version="1.0" encoding="UTF-8"?>
<!-- Generated by org.testng.reporters.JUnitXMLReporter -->
<testsuite hostname="ATMECSINDT-052" ignored="0" name="Command line test" tests="4" failures="0" timestamp="15 May 2019 13:47:26 GMT" time="0.047" errors="0">
  <testcase name="testFinalBilling" time="0.011" classname="com.atmecs.bookmyshow.AppTest"/>
  <testcase name="testRevenue" time="0.001" classname="com.atmecs.bookmyshow.AppTest"/>
  <testcase name="testSeatAvailability" time="0.004" classname="com.atmecs.bookmyshow.AppTest"/>
  <testcase name="testSeatSelection" time="0.0" classname="com.atmecs.bookmyshow.AppTest"/>
</testsuite> <!-- Command line test -->
