<?xml version="1.0" encoding="UTF-8"?>
<testng-results skipped="0" failed="0" ignored="0" total="8" passed="8">
  <reporter-output>
  </reporter-output>
  <suite name="Default suite" duration-ms="388" started-at="2019-05-22T10:22:30Z" finished-at="2019-05-22T10:22:30Z">
    <groups>
    </groups>
    <test name="Default test" duration-ms="388" started-at="2019-05-22T10:22:30Z" finished-at="2019-05-22T10:22:30Z">
      <class name="com.atmecs.bookmyshow.AppTest">
        <test-method status="PASS" signature="testFinalBilling()[pri:0, instance:com.atmecs.bookmyshow.AppTest@d2cc05a]" name="testFinalBilling" duration-ms="11" started-at="2019-05-22T10:22:30Z" finished-at="2019-05-22T10:22:30Z">
          <reporter-output>
          </reporter-output>
        </test-method> <!-- testFinalBilling -->
        <test-method status="PASS" signature="testPaymentMode()[pri:0, instance:com.atmecs.bookmyshow.AppTest@d2cc05a]" name="testPaymentMode" duration-ms="310" started-at="2019-05-22T10:22:30Z" finished-at="2019-05-22T10:22:30Z">
          <reporter-output>
          </reporter-output>
        </test-method> <!-- testPaymentMode -->
        <test-method status="PASS" signature="testRevenue()[pri:0, instance:com.atmecs.bookmyshow.AppTest@d2cc05a]" name="testRevenue" duration-ms="3" started-at="2019-05-22T10:22:30Z" finished-at="2019-05-22T10:22:30Z">
          <reporter-output>
          </reporter-output>
        </test-method> <!-- testRevenue -->
        <test-method status="PASS" signature="testSeatAvailability()[pri:0, instance:com.atmecs.bookmyshow.AppTest@d2cc05a]" name="testSeatAvailability" duration-ms="5" started-at="2019-05-22T10:22:30Z" finished-at="2019-05-22T10:22:30Z">
          <reporter-output>
          </reporter-output>
        </test-method> <!-- testSeatAvailability -->
        <test-method status="PASS" signature="testSeatSelection()[pri:0, instance:com.atmecs.bookmyshow.AppTest@d2cc05a]" name="testSeatSelection" duration-ms="2" started-at="2019-05-22T10:22:30Z" finished-at="2019-05-22T10:22:30Z">
          <reporter-output>
          </reporter-output>
        </test-method> <!-- testSeatSelection -->
        <test-method status="PASS" signature="testSeatStatus()[pri:0, instance:com.atmecs.bookmyshow.AppTest@d2cc05a]" name="testSeatStatus" duration-ms="2" started-at="2019-05-22T10:22:30Z" finished-at="2019-05-22T10:22:30Z">
          <reporter-output>
          </reporter-output>
        </test-method> <!-- testSeatStatus -->
        <test-method status="PASS" signature="testSeatVerification()[pri:0, instance:com.atmecs.bookmyshow.AppTest@d2cc05a]" name="testSeatVerification" duration-ms="3" started-at="2019-05-22T10:22:30Z" finished-at="2019-05-22T10:22:30Z">
          <reporter-output>
          </reporter-output>
        </test-method> <!-- testSeatVerification -->
        <test-method status="PASS" signature="testUserLoginSignUpChoice()[pri:0, instance:com.atmecs.bookmyshow.AppTest@d2cc05a]" name="testUserLoginSignUpChoice" duration-ms="12" started-at="2019-05-22T10:22:30Z" finished-at="2019-05-22T10:22:30Z">
          <reporter-output>
          </reporter-output>
        </test-method> <!-- testUserLoginSignUpChoice -->
      </class> <!-- com.atmecs.bookmyshow.AppTest -->
    </test> <!-- Default test -->
  </suite> <!-- Default suite -->
</testng-results>
